<?xml version="1.0" encoding="UTF-8"?>
<!-- Generated by org.testng.reporters.JUnitReportReporter -->
<testsuite skipped="0" hostname="DESKTOP-JJI2R7U" name="DataBaseTestingDemo.StudentDetails" tests="1" failures="0" timestamp="25 Dec 2017 14:35:36 GMT" time="0.316" errors="0">
  <testcase name="collectDetails" time="0.316" classname="DataBaseTestingDemo.StudentDetails"/>
</testsuite> <!-- DataBaseTestingDemo.StudentDetails -->
