<?xml version="1.0" encoding="UTF-8"?>
<!-- Generated by org.testng.reporters.JUnitReportReporter -->
<testsuite skipped="0" hostname="DESKTOP-JJI2R7U" name="DataBaseTestingDemo.ConnectMySql" tests="1" failures="0" timestamp="24 Dec 2017 11:42:14 GMT" time="0.155" errors="0">
  <testcase name="testDB" time="0.155" classname="DataBaseTestingDemo.ConnectMySql"/>
</testsuite> <!-- DataBaseTestingDemo.ConnectMySql -->
