<?xml version="1.0" encoding="UTF-8"?>
<!-- Generated by org.testng.reporters.JUnitReportReporter -->
<testsuite skipped="0" hostname="DESKTOP-JJI2R7U" name="DataBaseTestingDemo.EmployeeDetails" tests="1" failures="0" timestamp="25 Dec 2017 07:43:02 GMT" time="0.152" errors="0">
  <testcase name="empDetails" time="0.152" classname="DataBaseTestingDemo.EmployeeDetails"/>
</testsuite> <!-- DataBaseTestingDemo.EmployeeDetails -->
